2016-04-27 12:59:36,594 [main] INFO  c.g.t.t.d.PublishedGradleVersions - Gradle version information cache file is not available. Remote download required.
2016-04-28 12:17:12,361 [main] INFO  c.g.t.t.d.PublishedGradleVersions - Gradle version information cache file is not out-of-date. No remote download required.
2016-04-28 18:27:25,753 [main] INFO  c.g.t.t.d.PublishedGradleVersions - Gradle version information cache file is out-of-date. Remote download required.
2016-04-29 19:13:03,008 [main] INFO  c.g.t.t.d.PublishedGradleVersions - Gradle version information cache file is out-of-date. Remote download required.
2016-05-02 03:30:52,617 [main] INFO  c.g.t.t.d.PublishedGradleVersions - Gradle version information cache file is out-of-date. Remote download required.
2016-05-04 17:05:08,904 [main] INFO  c.g.t.t.d.PublishedGradleVersions - Gradle version information cache file is out-of-date. Remote download required.
2016-05-09 20:18:33,429 [main] INFO  c.g.t.t.d.PublishedGradleVersions - Gradle version information cache file is out-of-date. Remote download required.
2017-02-07 18:53:57,744 [Worker-2] INFO  c.g.t.t.d.PublishedGradleVersions - Gradle version information cache file is out-of-date. Remote download required.
2017-02-07 22:24:57,675 [main] INFO  c.g.t.t.d.PublishedGradleVersions - Gradle version information cache file is not out-of-date. No remote download required.
2017-08-17 19:58:10,845 [main] INFO  c.g.t.t.d.PublishedGradleVersions - Gradle version information cache file is out-of-date. Remote download required.
2017-09-27 00:23:36,351 [main] INFO  c.g.t.t.d.PublishedGradleVersions - Gradle version information cache file is out-of-date. Remote download required.
2017-11-09 18:50:57,785 [main] INFO  c.g.t.t.d.PublishedGradleVersions - Gradle version information cache file is out-of-date. Remote download required.
2017-11-13 22:49:49,601 [main] INFO  c.g.t.t.d.PublishedGradleVersions - Gradle version information cache file is out-of-date. Remote download required.
2018-08-28 19:57:41,005 [main] INFO  c.g.t.t.d.PublishedGradleVersions - Gradle version information cache file is out-of-date. Remote download required.
2018-09-09 16:30:02,901 [Worker-9: Loading available Gradle versions] INFO  c.g.t.t.d.PublishedGradleVersions - Gradle version information cache is not available. Remote download required.
2018-09-10 15:14:47,298 [Worker-8: Loading available Gradle versions] INFO  c.g.t.t.d.PublishedGradleVersions - Gradle version information cache is up-to-date. Trying to read.
2018-09-10 15:19:48,433 [Worker-8: Loading available Gradle versions] INFO  c.g.t.t.d.PublishedGradleVersions - Gradle version information cache is up-to-date. Trying to read.
2018-09-10 15:21:37,378 [Worker-2: Loading available Gradle versions] INFO  c.g.t.t.d.PublishedGradleVersions - Gradle version information cache is up-to-date. Trying to read.
2018-09-10 15:23:34,958 [Worker-8: Loading available Gradle versions] INFO  c.g.t.t.d.PublishedGradleVersions - Gradle version information cache is up-to-date. Trying to read.
2018-09-12 11:55:36,877 [Worker-3: Loading available Gradle versions] INFO  c.g.t.t.d.PublishedGradleVersions - Gradle version information cache is out-of-date. Trying to update.
2018-09-12 11:55:38,287 [Worker-3: Loading available Gradle versions] INFO  c.g.t.t.d.PublishedGradleVersions - Updating Gradle version information cache failed. Using outdated cache.
2018-09-12 12:28:40,068 [Worker-0: Loading available Gradle versions] INFO  c.g.t.t.d.PublishedGradleVersions - Gradle version information cache is out-of-date. Trying to update.
2018-09-13 18:05:35,447 [Worker-5: Loading available Gradle versions] INFO  c.g.t.t.d.PublishedGradleVersions - Gradle version information cache is out-of-date. Trying to update.
2018-09-14 10:04:02,422 [Worker-7: Loading available Gradle versions] INFO  c.g.t.t.d.PublishedGradleVersions - Gradle version information cache is up-to-date. Trying to read.
2018-09-14 10:54:56,722 [Worker-8: Loading available Gradle versions] INFO  c.g.t.t.d.PublishedGradleVersions - Gradle version information cache is up-to-date. Trying to read.
2018-09-16 15:26:06,461 [Worker-0: Loading available Gradle versions] INFO  c.g.t.t.d.PublishedGradleVersions - Gradle version information cache is out-of-date. Trying to update.
2018-09-17 11:57:01,911 [Worker-1: Loading available Gradle versions] INFO  c.g.t.t.d.PublishedGradleVersions - Gradle version information cache is up-to-date. Trying to read.
2018-09-17 16:17:02,636 [Worker-4: Loading available Gradle versions] INFO  c.g.t.t.d.PublishedGradleVersions - Gradle version information cache is out-of-date. Trying to update.
2018-09-17 18:23:09,499 [Worker-4: Loading available Gradle versions] INFO  c.g.t.t.d.PublishedGradleVersions - Gradle version information cache is up-to-date. Trying to read.
2018-09-17 19:07:59,058 [Worker-4: Loading available Gradle versions] INFO  c.g.t.t.d.PublishedGradleVersions - Gradle version information cache is up-to-date. Trying to read.
2018-09-17 22:12:01,528 [Worker-4: Loading available Gradle versions] INFO  c.g.t.t.d.PublishedGradleVersions - Gradle version information cache is up-to-date. Trying to read.
2018-09-19 10:21:00,561 [Worker-5: Loading available Gradle versions] INFO  c.g.t.t.d.PublishedGradleVersions - Gradle version information cache is out-of-date. Trying to update.
2018-09-19 10:50:00,035 [Worker-2: Loading available Gradle versions] INFO  c.g.t.t.d.PublishedGradleVersions - Gradle version information cache is up-to-date. Trying to read.
2018-09-19 13:18:39,159 [Worker-2: Loading available Gradle versions] INFO  c.g.t.t.d.PublishedGradleVersions - Gradle version information cache is up-to-date. Trying to read.
2018-09-19 19:32:54,778 [Worker-1: Loading available Gradle versions] INFO  c.g.t.t.d.PublishedGradleVersions - Gradle version information cache is up-to-date. Trying to read.
2018-09-19 22:52:06,261 [Worker-4: Loading available Gradle versions] INFO  c.g.t.t.d.PublishedGradleVersions - Gradle version information cache is up-to-date. Trying to read.
2018-09-24 14:04:30,287 [Worker-8: Loading available Gradle versions] INFO  c.g.t.t.d.PublishedGradleVersions - Gradle version information cache is out-of-date. Trying to update.
2018-09-28 21:01:08,187 [Worker-0: Loading available Gradle versions] INFO  c.g.t.t.d.PublishedGradleVersions - Gradle version information cache is out-of-date. Trying to update.
2018-09-28 21:01:39,245 [Worker-0: Loading available Gradle versions] INFO  c.g.t.t.d.PublishedGradleVersions - Updating Gradle version information cache failed. Using outdated cache.
2018-09-28 21:30:48,751 [Worker-8: Loading available Gradle versions] INFO  c.g.t.t.d.PublishedGradleVersions - Gradle version information cache is out-of-date. Trying to update.
2018-09-28 21:31:19,160 [Worker-8: Loading available Gradle versions] INFO  c.g.t.t.d.PublishedGradleVersions - Updating Gradle version information cache failed. Using outdated cache.
2018-09-28 21:42:12,380 [Worker-11: Loading available Gradle versions] INFO  c.g.t.t.d.PublishedGradleVersions - Gradle version information cache is out-of-date. Trying to update.
2018-10-02 16:36:54,919 [Worker-5: Loading available Gradle versions] INFO  c.g.t.t.d.PublishedGradleVersions - Gradle version information cache is out-of-date. Trying to update.
2018-10-02 17:58:27,055 [Worker-4: Loading available Gradle versions] INFO  c.g.t.t.d.PublishedGradleVersions - Gradle version information cache is up-to-date. Trying to read.
2018-10-03 19:29:28,594 [Worker-1] INFO  c.g.t.t.d.PublishedGradleVersions - Gradle version information cache is up-to-date. Trying to read.
2018-10-03 19:47:33,419 [Worker-1] INFO  c.g.t.t.d.PublishedGradleVersions - Gradle version information cache is up-to-date. Trying to read.
2018-10-03 20:03:34,766 [Worker-1] INFO  c.g.t.t.d.PublishedGradleVersions - Gradle version information cache is up-to-date. Trying to read.
2018-10-03 20:16:49,000 [Worker-4] INFO  c.g.t.t.d.PublishedGradleVersions - Gradle version information cache is up-to-date. Trying to read.
2018-10-04 01:19:15,544 [Worker-2] INFO  c.g.t.t.d.PublishedGradleVersions - Gradle version information cache is up-to-date. Trying to read.
2018-10-04 02:16:47,237 [Worker-1] INFO  c.g.t.t.d.PublishedGradleVersions - Gradle version information cache is up-to-date. Trying to read.
2018-10-04 12:04:28,687 [Worker-0] INFO  c.g.t.t.d.PublishedGradleVersions - Gradle version information cache is up-to-date. Trying to read.
2018-10-04 15:30:25,184 [Worker-5] INFO  c.g.t.t.d.PublishedGradleVersions - Gradle version information cache is up-to-date. Trying to read.
2018-10-04 19:51:11,768 [Worker-3] INFO  c.g.t.t.d.PublishedGradleVersions - Gradle version information cache is out-of-date. Trying to update.
2018-10-04 22:40:37,119 [Worker-0] INFO  c.g.t.t.d.PublishedGradleVersions - Gradle version information cache is up-to-date. Trying to read.
